<?xml version="1.0" encoding="UTF-8"?>
<testsuite xmlns:xsi="http://www.w3.org/2001/XMLSchema-instance" xsi:noNamespaceSchemaLocation="https://maven.apache.org/surefire/maven-surefire-plugin/xsd/surefire-test-report.xsd" name="Login Functionality" time="44.6" tests="4" errors="0" skipped="0" failures="0">
  <properties>
[...]
</properties>
  <testcase name="Login Successful" classname="Login Functionality" time="24.721"/>
  <testcase name="Login Successful" classname="Login Functionality" time="24.598"/>
  <testcase name="Login Successful" classname="Login Functionality" time="20"/>
  <testcase name="Login Successful" classname="Login Functionality" time="18.422"/>
</testsuite>